<?xml version="1.0" encoding="UTF-8"?>
<!-- Generated by org.testng.reporters.JUnitReportReporter -->
<testsuite hostname="VINITHANs-MacBook-Pro.local" name="NewLogin" tests="3" failures="0" timestamp="4 Sep 2018 07:04:47 GMT" time="34.005" errors="0">
  <testcase name="userLogin" time="10.135" classname="NewLogin"/>
  <testcase name="userLogOut" time="13.035" classname="NewLogin"/>
  <testcase name="newUser" time="10.835" classname="NewLogin"/>
</testsuite> <!-- NewLogin -->
